<?xml version="1.0" encoding="UTF-8"?>
<!-- Generated by org.testng.reporters.JUnitReportReporter -->
<testsuite hostname="DESKTOP-JHTNLOE" failures="0" tests="2" name="tests.GoogleTests" time="4.618" errors="0" timestamp="2023-10-06T07:03:37 ART" skipped="0">
  <testcase classname="tests.GoogleTests" name="test_Search_Box_And_Lists_Of_Options" time="1.185"/>
  <system-out/>
  <testcase classname="tests.GoogleTests" name="test_Searched_Option_Is_Correct" time="3.433"/>
  <system-out/>
</testsuite> <!-- tests.GoogleTests -->
