<?xml version="1.0" encoding="UTF-8"?>
<!-- Generated by org.testng.reporters.JUnitReportReporter -->
<testsuite hostname="DESKTOP-JHTNLOE" failures="0" tests="1" name="tests.GoogleSearchBar" time="4.300" errors="0" timestamp="2023-10-06T08:19:24 ART" skipped="0">
  <testcase classname="tests.GoogleSearchBar" name="test_Search_Suggestion_Box" time="4.300"/>
  <system-out/>
</testsuite> <!-- tests.GoogleSearchBar -->
