<?xml version="1.0" encoding="UTF-8"?>
<!-- Generated by org.testng.reporters.JUnitReportReporter -->
<testsuite hostname="DESKTOP-JHTNLOE" failures="0" tests="2" name="tests.GoogleSearchBarTests" time="4.094" errors="0" timestamp="2023-10-05T15:44:05 ART" skipped="0">
  <testcase classname="tests.GoogleSearchBarTests" name="test_Searched_Option_Is_Correct" time="2.926"/>
  <system-out/>
  <testcase classname="tests.GoogleSearchBarTests" name="test_Search_Box_And_Lists_Of_Options" time="1.168"/>
  <system-out/>
</testsuite> <!-- tests.GoogleSearchBarTests -->
